<?xml version="1.0" encoding="UTF-8"?>
<!-- Generated by org.testng.reporters.JUnitReportReporter -->
<testsuite skipped="1" hostname="DESKTOP-U5FT8QJ" name="Keywords.Demo3" tests="3" failures="0" timestamp="2022-11-07T16:55:48 IST" time="0.038" errors="0">
  <testcase name="login" time="0.016" classname="Keywords.Demo3"/>
  <system-out/>
  <testcase name="t1" time="0.022" classname="Keywords.Demo3"/>
  <system-out/>
  <testcase name="test" classname="Keywords.Demo3">
    <skipped/>
  </testcase> <!-- test -->
  <system-out/>
</testsuite> <!-- Keywords.Demo3 -->
