<?xml version="1.0" encoding="UTF-8"?>
<!-- Generated by org.testng.reporters.JUnitReportReporter -->
<testsuite skipped="0" hostname="DESKTOP-U5FT8QJ" name="Keywords.GroupDemo" tests="3" failures="0" timestamp="2022-11-07T19:59:23 IST" time="0.016" errors="0">
  <testcase name="t4" time="0.000" classname="Keywords.GroupDemo"/>
  <system-out/>
  <testcase name="t1" time="0.016" classname="Keywords.GroupDemo"/>
  <system-out/>
  <testcase name="t5" time="0.000" classname="Keywords.GroupDemo"/>
  <system-out/>
</testsuite> <!-- Keywords.GroupDemo -->
