<?xml version="1.0" encoding="UTF-8"?>
<!-- Generated by org.testng.reporters.JUnitReportReporter -->
<testsuite skipped="0" hostname="DESKTOP-U5FT8QJ" name="Action.Scrollactions" tests="1" failures="0" timestamp="2022-11-14T18:40:15 IST" time="17.572" errors="0">
  <testcase name="ScrollFunctions" time="17.572" classname="Action.Scrollactions"/>
  <system-out/>
</testsuite> <!-- Action.Scrollactions -->
