<?xml version="1.0" encoding="UTF-8"?>
<!-- Generated by org.testng.reporters.JUnitReportReporter -->
<testsuite skipped="0" hostname="DESKTOP-U5FT8QJ" name="Action.DragAndDrop" tests="1" failures="0" timestamp="2022-11-14T19:04:45 IST" time="18.169" errors="0">
  <testcase name="f" time="18.169" classname="Action.DragAndDrop"/>
  <system-out/>
</testsuite> <!-- Action.DragAndDrop -->
