<?xml version="1.0" encoding="UTF-8"?>
<!-- Generated by org.testng.reporters.JUnitReportReporter -->
<testsuite skipped="0" hostname="DESKTOP-U5FT8QJ" name="Assertion.VerifyLoginHardAssertion" tests="1" failures="0" timestamp="2022-11-08T14:36:16 IST" time="19.420" errors="0">
  <testcase name="login" time="19.420" classname="Assertion.VerifyLoginHardAssertion"/>
  <system-out/>
</testsuite> <!-- Assertion.VerifyLoginHardAssertion -->
