<?xml version="1.0" encoding="UTF-8"?>
<!-- Generated by org.testng.reporters.JUnitReportReporter -->
<testsuite skipped="0" hostname="DESKTOP-U5FT8QJ" name="Keywords.Demo1" tests="4" failures="0" timestamp="2022-11-04T17:16:37 IST" time="0.036" errors="0">
  <testcase name="Login" time="0.021" classname="Keywords.Demo1"/>
  <system-out/>
  <testcase name="Login" time="0.008" classname="Keywords.Demo1"/>
  <system-out/>
  <testcase name="Login" time="0.003" classname="Keywords.Demo1"/>
  <system-out/>
  <testcase name="Password" time="0.004" classname="Keywords.Demo1"/>
  <system-out/>
</testsuite> <!-- Keywords.Demo1 -->
