<?xml version="1.0" encoding="UTF-8"?>
<!-- Generated by org.testng.reporters.JUnitReportReporter -->
<testsuite skipped="0" hostname="DESKTOP-U5FT8QJ" name="HandleDynamicWebTable.DynamicWebTable" tests="1" failures="0" timestamp="2022-11-18T17:30:55 IST" time="50.596" errors="0">
  <testcase name="Test" time="50.596" classname="HandleDynamicWebTable.DynamicWebTable"/>
  <system-out/>
</testsuite> <!-- HandleDynamicWebTable.DynamicWebTable -->
