<?xml version="1.0" encoding="UTF-8"?>
<!-- Generated by org.testng.reporters.JUnitReportReporter -->
<testsuite skipped="0" hostname="DESKTOP-U5FT8QJ" name="ExecutePOM_TestNG.TestDemo" tests="1" failures="0" timestamp="2022-11-12T15:09:35 IST" time="27.677" errors="0">
  <testcase name="Test" time="27.677" classname="ExecutePOM_TestNG.TestDemo"/>
  <system-out/>
</testsuite> <!-- ExecutePOM_TestNG.TestDemo -->
