<?xml version="1.0" encoding="UTF-8"?>
<!-- Generated by org.testng.reporters.JUnitReportReporter -->
<testsuite skipped="0" hostname="DESKTOP-U5FT8QJ" name="Keywords.GroupDemo1" tests="3" failures="0" timestamp="2022-11-07T19:59:23 IST" time="0.000" errors="0">
  <testcase name="t9" time="0.000" classname="Keywords.GroupDemo1"/>
  <system-out/>
  <testcase name="t10" time="0.000" classname="Keywords.GroupDemo1"/>
  <system-out/>
  <testcase name="t6" time="0.000" classname="Keywords.GroupDemo1"/>
  <system-out/>
</testsuite> <!-- Keywords.GroupDemo1 -->
