<?xml version="1.0" encoding="UTF-8"?>
<!-- Generated by org.testng.reporters.JUnitReportReporter -->
<testsuite skipped="0" hostname="DESKTOP-U5FT8QJ" name="Keywords.Annotations" tests="3" failures="0" timestamp="2022-11-07T18:19:53 IST" time="0.017" errors="0">
  <testcase name="t3" time="0.015" classname="Keywords.Annotations"/>
  <system-out/>
  <testcase name="t1" time="0.002" classname="Keywords.Annotations"/>
  <system-out/>
  <testcase name="t2" time="0.000" classname="Keywords.Annotations"/>
  <system-out/>
</testsuite> <!-- Keywords.Annotations -->
