<?xml version="1.0" encoding="UTF-8"?>
<!-- Generated by org.testng.reporters.JUnitReportReporter -->
<testsuite skipped="0" hostname="DESKTOP-U5FT8QJ" name="TestNGDemo.NewTest" tests="1" failures="0" timestamp="2022-11-04T16:47:35 IST" time="19.721" errors="0">
  <testcase name="testMethod" time="19.721" classname="TestNGDemo.NewTest"/>
  <system-out/>
</testsuite> <!-- TestNGDemo.NewTest -->
