<?xml version="1.0" encoding="UTF-8"?>
<!-- Generated by org.testng.reporters.JUnitReportReporter -->
<testsuite skipped="0" hostname="DESKTOP-U5FT8QJ" name="Action.Keyboard" tests="1" failures="0" timestamp="2022-11-15T11:27:59 IST" time="26.791" errors="0">
  <testcase name="keyboardFunctions" time="26.791" classname="Action.Keyboard"/>
  <system-out/>
</testsuite> <!-- Action.Keyboard -->
